amov@amov:~$ rostopic echo /initialpose 
header: 
  seq: 2
  stamp: 
    secs: 1710851129
    nsecs: 278155596
  frame_id: "map"
pose: 
  pose: 
    position: 
      x: 1.26016879082
      y: 0.0452747531235
      z: 0.0
    orientation: 
      x: 0.0
      y: 0.0
      z: 0.543474438242
      w: 0.839425717367
  covariance: [0.25, 0.0, 0.0, 0.0, 0.0, 0.0, 0.0, 0.25, 0.0, 0.0, 0.0, 0.0, 0.0, 0.0, 0.0, 0.0, 0.0, 0.0, 0.0, 0.0, 0.0, 0.0, 0.0, 0.0, 0.0, 0.0, 0.0, 0.0, 0.0, 0.0, 0.0, 0.0, 0.0, 0.0, 0.0, 0.06853892326654787]
---
