amov@amov:~$ rostopic list
/diagnostics
/free_cells_vis_array
/lidar01/parameter_descriptions
/lidar01/parameter_updates
/mavlink/from
/mavlink/gcs_ip
/mavlink/to
/mavros/actuator_control
/mavros/battery
/mavros/camera/image_captured
/mavros/cellular_status/status
/mavros/esc_info
/mavros/esc_status
/mavros/esc_telemetry
/mavros/estimator_status
/mavros/extended_state
/mavros/geofence/waypoints
/mavros/global_position/gp_origin
/mavros/global_position/rel_alt
/mavros/gps_input/gps_input
/mavros/gpsstatus/gps1/raw
/mavros/gpsstatus/gps1/rtk
/mavros/gpsstatus/gps2/raw
/mavros/gpsstatus/gps2/rtk
/mavros/imu/data
/mavros/imu/data_raw
/mavros/imu/diff_pressure
/mavros/imu/mag
/mavros/imu/static_pressure
/mavros/imu/temperature_baro
/mavros/imu/temperature_imu
/mavros/local_position/accel
/mavros/local_position/odom
/mavros/local_position/pose
/mavros/local_position/pose_cov
/mavros/local_position/velocity_body
/mavros/local_position/velocity_body_cov
/mavros/local_position/velocity_local
/mavros/log_transfer/raw/log_data
/mavros/log_transfer/raw/log_entry
/mavros/mag_calibration/report
/mavros/mag_calibration/status
/mavros/manual_control/control
/mavros/manual_control/send
/mavros/nav_controller_output
/mavros/onboard_computer/status
/mavros/param/param_value
/mavros/play_tune
/mavros/rallypoint/waypoints
/mavros/rangefinder/rangefinder
/mavros/setpoint_raw/attitude
/mavros/setpoint_raw/global
/mavros/setpoint_raw/local
/mavros/setpoint_raw/target_attitude
/mavros/setpoint_raw/target_global
/mavros/setpoint_raw/target_local
/mavros/setpoint_trajectory/desired
/mavros/setpoint_trajectory/local
/mavros/state
/mavros/statustext/recv
/mavros/statustext/send
/mavros/target_actuator_control
/mavros/terrain/report
/mavros/time_reference
/mavros/timesync_status
/mavros/trajectory/desired
/mavros/trajectory/generated
/mavros/trajectory/path
/mavros/tunnel/in
/mavros/tunnel/out
/mavros/vision_pose/pose
/mavros/vision_pose/pose_cov
/mavros/vision_speed/speed_twist_cov
/move_base_simple/goal
/occupied_cells_vis_array
/octomap_binary
/octomap_full
/octomap_point_cloud_centers
/octomap_server/parameter_descriptions
/octomap_server/parameter_updates
/projected_map
/prometheus/control/ref_pose_rviz
/prometheus/control_command
/prometheus/control_command_station
/prometheus/drone_odom
/prometheus/drone_state
/prometheus/drone_trajectory
/prometheus/global_planning/path_cmd
/prometheus/ground_truth/p300_basic
/prometheus/log/control
/prometheus/message/circle_det
/prometheus/message/fast_planner
/prometheus/message/global_planner
/prometheus/message/kcf_det
/prometheus/message/landpad_det
/prometheus/message/local_planner
/prometheus/message/main
/prometheus/message/num_det
/prometheus/planning/global_inflate_pcl
/prometheus/planning/goal
/prometheus/reference_trajectory
/prometheus/sensors/2Dlidar_scan
/prometheus/sensors/pcl2
/rosout
/rosout_agg
/slam/pose
/t265/accel/imu_info
/t265/accel/sample
/t265/gyro/imu_info
/t265/gyro/sample
/t265/odom/sample
/t265/realsense2_camera_manager/bond
/t265/tracking_module/parameter_descriptions
/t265/tracking_module/parameter_updates
/tf
/tf_static
/vrpn_client_node/UAV/pose
